mode: set
github.com/gourdian25/gourdiansession/gourdiansession.go:68.24,85.2 2 1
github.com/gourdian25/gourdiansession/gourdiansession.go:139.89,143.2 1 1
github.com/gourdian25/gourdiansession/gourdiansession.go:145.80,147.2 1 1
github.com/gourdian25/gourdiansession/gourdiansession.go:149.82,151.2 1 1
github.com/gourdian25/gourdiansession/gourdiansession.go:153.84,155.2 1 1
github.com/gourdian25/gourdiansession/gourdiansession.go:157.72,159.2 1 1
github.com/gourdian25/gourdiansession/gourdiansession.go:161.136,162.20 1 1
github.com/gourdian25/gourdiansession/gourdiansession.go:162.20,164.3 1 1
github.com/gourdian25/gourdiansession/gourdiansession.go:167.2,167.54 1 1
github.com/gourdian25/gourdiansession/gourdiansession.go:167.54,170.17 2 1
github.com/gourdian25/gourdiansession/gourdiansession.go:170.17,172.4 1 0
github.com/gourdian25/gourdiansession/gourdiansession.go:173.3,173.17 1 1
github.com/gourdian25/gourdiansession/gourdiansession.go:173.17,175.4 1 1
github.com/gourdian25/gourdiansession/gourdiansession.go:178.3,179.17 2 1
github.com/gourdian25/gourdiansession/gourdiansession.go:179.17,181.4 1 0
github.com/gourdian25/gourdiansession/gourdiansession.go:184.3,184.65 1 1
github.com/gourdian25/gourdiansession/gourdiansession.go:184.65,189.4 4 1
github.com/gourdian25/gourdiansession/gourdiansession.go:190.3,190.13 1 1
github.com/gourdian25/gourdiansession/gourdiansession.go:193.2,193.39 1 1
github.com/gourdian25/gourdiansession/gourdiansession.go:193.39,195.3 1 0
github.com/gourdian25/gourdiansession/gourdiansession.go:196.2,196.16 1 1
github.com/gourdian25/gourdiansession/gourdiansession.go:196.16,198.3 1 1
github.com/gourdian25/gourdiansession/gourdiansession.go:200.2,200.21 1 1
github.com/gourdian25/gourdiansession/gourdiansession.go:203.107,204.54 1 1
github.com/gourdian25/gourdiansession/gourdiansession.go:204.54,207.32 2 1
github.com/gourdian25/gourdiansession/gourdiansession.go:207.32,209.4 1 1
github.com/gourdian25/gourdiansession/gourdiansession.go:210.3,210.17 1 1
github.com/gourdian25/gourdiansession/gourdiansession.go:210.17,212.4 1 0
github.com/gourdian25/gourdiansession/gourdiansession.go:214.3,215.71 2 1
github.com/gourdian25/gourdiansession/gourdiansession.go:215.71,217.4 1 0
github.com/gourdian25/gourdiansession/gourdiansession.go:220.3,220.44 1 1
github.com/gourdian25/gourdiansession/gourdiansession.go:220.44,222.4 1 1
github.com/gourdian25/gourdiansession/gourdiansession.go:225.3,229.17 4 1
github.com/gourdian25/gourdiansession/gourdiansession.go:229.17,231.4 1 0
github.com/gourdian25/gourdiansession/gourdiansession.go:234.3,234.65 1 1
github.com/gourdian25/gourdiansession/gourdiansession.go:234.65,237.4 2 1
github.com/gourdian25/gourdiansession/gourdiansession.go:238.3,238.13 1 1
github.com/gourdian25/gourdiansession/gourdiansession.go:241.2,241.39 1 1
github.com/gourdian25/gourdiansession/gourdiansession.go:241.39,243.3 1 1
github.com/gourdian25/gourdiansession/gourdiansession.go:244.2,244.12 1 1
github.com/gourdian25/gourdiansession/gourdiansession.go:247.128,249.16 2 1
github.com/gourdian25/gourdiansession/gourdiansession.go:249.16,250.32 1 1
github.com/gourdian25/gourdiansession/gourdiansession.go:250.32,252.4 1 1
github.com/gourdian25/gourdiansession/gourdiansession.go:253.3,253.70 1 0
github.com/gourdian25/gourdiansession/gourdiansession.go:256.2,258.16 3 1
github.com/gourdian25/gourdiansession/gourdiansession.go:258.16,260.3 1 0
github.com/gourdian25/gourdiansession/gourdiansession.go:263.2,263.42 1 1
github.com/gourdian25/gourdiansession/gourdiansession.go:263.42,265.3 1 1
github.com/gourdian25/gourdiansession/gourdiansession.go:267.2,267.22 1 1
github.com/gourdian25/gourdiansession/gourdiansession.go:270.136,271.20 1 1
github.com/gourdian25/gourdiansession/gourdiansession.go:271.20,273.3 1 0
github.com/gourdian25/gourdiansession/gourdiansession.go:276.2,276.54 1 1
github.com/gourdian25/gourdiansession/gourdiansession.go:276.54,279.32 2 1
github.com/gourdian25/gourdiansession/gourdiansession.go:279.32,281.4 1 1
github.com/gourdian25/gourdiansession/gourdiansession.go:282.3,282.17 1 1
github.com/gourdian25/gourdiansession/gourdiansession.go:282.17,284.4 1 0
github.com/gourdian25/gourdiansession/gourdiansession.go:286.3,287.17 2 1
github.com/gourdian25/gourdiansession/gourdiansession.go:287.17,289.4 1 0
github.com/gourdian25/gourdiansession/gourdiansession.go:291.3,292.14 2 1
github.com/gourdian25/gourdiansession/gourdiansession.go:292.14,294.4 1 1
github.com/gourdian25/gourdiansession/gourdiansession.go:297.3,297.65 1 1
github.com/gourdian25/gourdiansession/gourdiansession.go:297.65,302.78 3 1
github.com/gourdian25/gourdiansession/gourdiansession.go:302.78,303.44 1 1
github.com/gourdian25/gourdiansession/gourdiansession.go:303.44,307.6 3 0
github.com/gourdian25/gourdiansession/gourdiansession.go:309.4,309.14 1 1
github.com/gourdian25/gourdiansession/gourdiansession.go:311.3,311.13 1 1
github.com/gourdian25/gourdiansession/gourdiansession.go:314.2,314.39 1 1
github.com/gourdian25/gourdiansession/gourdiansession.go:314.39,316.3 1 0
github.com/gourdian25/gourdiansession/gourdiansession.go:317.2,317.16 1 1
github.com/gourdian25/gourdiansession/gourdiansession.go:317.16,319.3 1 1
github.com/gourdian25/gourdiansession/gourdiansession.go:321.2,321.21 1 1
github.com/gourdian25/gourdiansession/gourdiansession.go:324.103,326.54 1 1
github.com/gourdian25/gourdiansession/gourdiansession.go:326.54,329.32 2 1
github.com/gourdian25/gourdiansession/gourdiansession.go:329.32,331.4 1 1
github.com/gourdian25/gourdiansession/gourdiansession.go:332.3,332.17 1 1
github.com/gourdian25/gourdiansession/gourdiansession.go:332.17,334.4 1 0
github.com/gourdian25/gourdiansession/gourdiansession.go:336.3,337.71 2 1
github.com/gourdian25/gourdiansession/gourdiansession.go:337.71,339.4 1 0
github.com/gourdian25/gourdiansession/gourdiansession.go:342.3,342.65 1 1
github.com/gourdian25/gourdiansession/gourdiansession.go:342.65,347.4 4 1
github.com/gourdian25/gourdiansession/gourdiansession.go:348.3,348.13 1 1
github.com/gourdian25/gourdiansession/gourdiansession.go:351.2,351.39 1 1
github.com/gourdian25/gourdiansession/gourdiansession.go:351.39,353.3 1 0
github.com/gourdian25/gourdiansession/gourdiansession.go:354.2,354.12 1 1
github.com/gourdian25/gourdiansession/gourdiansession.go:357.132,359.16 2 1
github.com/gourdian25/gourdiansession/gourdiansession.go:359.16,361.3 1 0
github.com/gourdian25/gourdiansession/gourdiansession.go:363.2,366.42 3 1
github.com/gourdian25/gourdiansession/gourdiansession.go:366.42,368.17 2 1
github.com/gourdian25/gourdiansession/gourdiansession.go:368.17,370.12 2 1
github.com/gourdian25/gourdiansession/gourdiansession.go:373.3,374.17 2 1
github.com/gourdian25/gourdiansession/gourdiansession.go:374.17,375.33 1 1
github.com/gourdian25/gourdiansession/gourdiansession.go:375.33,377.13 2 1
github.com/gourdian25/gourdiansession/gourdiansession.go:379.4,379.74 1 0
github.com/gourdian25/gourdiansession/gourdiansession.go:382.3,384.17 3 1
github.com/gourdian25/gourdiansession/gourdiansession.go:384.17,386.4 1 0
github.com/gourdian25/gourdiansession/gourdiansession.go:388.3,388.40 1 1
github.com/gourdian25/gourdiansession/gourdiansession.go:392.2,392.33 1 1
github.com/gourdian25/gourdiansession/gourdiansession.go:392.33,394.17 2 1
github.com/gourdian25/gourdiansession/gourdiansession.go:394.17,396.4 1 0
github.com/gourdian25/gourdiansession/gourdiansession.go:399.2,399.22 1 1
github.com/gourdian25/gourdiansession/gourdiansession.go:402.138,404.16 2 1
github.com/gourdian25/gourdiansession/gourdiansession.go:404.16,406.3 1 0
github.com/gourdian25/gourdiansession/gourdiansession.go:408.2,409.38 2 1
github.com/gourdian25/gourdiansession/gourdiansession.go:409.38,410.83 1 1
github.com/gourdian25/gourdiansession/gourdiansession.go:410.83,412.4 1 1
github.com/gourdian25/gourdiansession/gourdiansession.go:415.2,415.28 1 1
github.com/gourdian25/gourdiansession/gourdiansession.go:418.105,421.16 2 1
github.com/gourdian25/gourdiansession/gourdiansession.go:421.16,423.3 1 0
github.com/gourdian25/gourdiansession/gourdiansession.go:425.2,426.42 2 1
github.com/gourdian25/gourdiansession/gourdiansession.go:426.42,428.17 2 1
github.com/gourdian25/gourdiansession/gourdiansession.go:428.17,429.12 1 0
github.com/gourdian25/gourdiansession/gourdiansession.go:433.3,433.54 1 1
github.com/gourdian25/gourdiansession/gourdiansession.go:433.54,436.33 2 1
github.com/gourdian25/gourdiansession/gourdiansession.go:436.33,438.5 1 0
github.com/gourdian25/gourdiansession/gourdiansession.go:439.4,439.18 1 1
github.com/gourdian25/gourdiansession/gourdiansession.go:439.18,441.5 1 0
github.com/gourdian25/gourdiansession/gourdiansession.go:443.4,444.72 2 1
github.com/gourdian25/gourdiansession/gourdiansession.go:444.72,446.5 1 0
github.com/gourdian25/gourdiansession/gourdiansession.go:449.4,449.45 1 1
github.com/gourdian25/gourdiansession/gourdiansession.go:449.45,451.5 1 1
github.com/gourdian25/gourdiansession/gourdiansession.go:454.4,458.18 4 1
github.com/gourdian25/gourdiansession/gourdiansession.go:458.18,460.5 1 0
github.com/gourdian25/gourdiansession/gourdiansession.go:463.4,463.66 1 1
github.com/gourdian25/gourdiansession/gourdiansession.go:463.66,466.5 2 1
github.com/gourdian25/gourdiansession/gourdiansession.go:467.4,467.14 1 1
github.com/gourdian25/gourdiansession/gourdiansession.go:470.3,470.40 1 1
github.com/gourdian25/gourdiansession/gourdiansession.go:470.40,472.12 2 0
github.com/gourdian25/gourdiansession/gourdiansession.go:474.3,474.17 1 1
github.com/gourdian25/gourdiansession/gourdiansession.go:474.17,476.4 1 0
github.com/gourdian25/gourdiansession/gourdiansession.go:479.2,479.12 1 1
github.com/gourdian25/gourdiansession/gourdiansession.go:482.124,484.16 2 1
github.com/gourdian25/gourdiansession/gourdiansession.go:484.16,486.3 1 0
github.com/gourdian25/gourdiansession/gourdiansession.go:488.2,488.35 1 1
github.com/gourdian25/gourdiansession/gourdiansession.go:488.35,489.79 1 1
github.com/gourdian25/gourdiansession/gourdiansession.go:489.79,493.18 4 1
github.com/gourdian25/gourdiansession/gourdiansession.go:493.18,495.5 1 0
github.com/gourdian25/gourdiansession/gourdiansession.go:499.2,499.12 1 1
github.com/gourdian25/gourdiansession/gourdiansession.go:502.127,504.16 2 1
github.com/gourdian25/gourdiansession/gourdiansession.go:504.16,506.3 1 1
github.com/gourdian25/gourdiansession/gourdiansession.go:508.2,508.43 1 1
github.com/gourdian25/gourdiansession/gourdiansession.go:508.43,510.3 1 1
github.com/gourdian25/gourdiansession/gourdiansession.go:512.2,514.12 3 1
github.com/gourdian25/gourdiansession/gourdiansession.go:517.111,519.16 2 1
github.com/gourdian25/gourdiansession/gourdiansession.go:519.16,521.3 1 1
github.com/gourdian25/gourdiansession/gourdiansession.go:523.2,525.12 3 1
github.com/gourdian25/gourdiansession/gourdiansession.go:528.133,530.16 2 1
github.com/gourdian25/gourdiansession/gourdiansession.go:530.16,532.3 1 1
github.com/gourdian25/gourdiansession/gourdiansession.go:534.2,534.43 1 1
github.com/gourdian25/gourdiansession/gourdiansession.go:534.43,536.3 1 1
github.com/gourdian25/gourdiansession/gourdiansession.go:538.2,538.42 1 1
github.com/gourdian25/gourdiansession/gourdiansession.go:538.42,542.23 3 0
github.com/gourdian25/gourdiansession/gourdiansession.go:542.23,546.4 2 0
github.com/gourdian25/gourdiansession/gourdiansession.go:547.3,547.71 1 0
github.com/gourdian25/gourdiansession/gourdiansession.go:550.2,550.21 1 1
github.com/gourdian25/gourdiansession/gourdiansession.go:553.166,555.16 2 1
github.com/gourdian25/gourdiansession/gourdiansession.go:555.16,557.3 1 0
github.com/gourdian25/gourdiansession/gourdiansession.go:559.2,559.65 1 1
github.com/gourdian25/gourdiansession/gourdiansession.go:559.65,561.3 1 1
github.com/gourdian25/gourdiansession/gourdiansession.go:563.2,563.65 1 1
github.com/gourdian25/gourdiansession/gourdiansession.go:563.65,565.3 1 1
github.com/gourdian25/gourdiansession/gourdiansession.go:567.2,567.21 1 1
github.com/gourdian25/gourdiansession/gourdiansession.go:570.135,572.54 1 1
github.com/gourdian25/gourdiansession/gourdiansession.go:572.54,575.32 2 1
github.com/gourdian25/gourdiansession/gourdiansession.go:575.32,577.4 1 0
github.com/gourdian25/gourdiansession/gourdiansession.go:578.3,578.17 1 1
github.com/gourdian25/gourdiansession/gourdiansession.go:578.17,580.4 1 0
github.com/gourdian25/gourdiansession/gourdiansession.go:582.3,583.71 2 1
github.com/gourdian25/gourdiansession/gourdiansession.go:583.71,585.4 1 0
github.com/gourdian25/gourdiansession/gourdiansession.go:587.3,587.44 1 1
github.com/gourdian25/gourdiansession/gourdiansession.go:587.44,589.4 1 0
github.com/gourdian25/gourdiansession/gourdiansession.go:591.3,591.43 1 1
github.com/gourdian25/gourdiansession/gourdiansession.go:591.43,593.4 1 0
github.com/gourdian25/gourdiansession/gourdiansession.go:596.3,597.17 2 1
github.com/gourdian25/gourdiansession/gourdiansession.go:597.17,599.4 1 0
github.com/gourdian25/gourdiansession/gourdiansession.go:601.3,604.65 2 1
github.com/gourdian25/gourdiansession/gourdiansession.go:604.65,609.18 3 1
github.com/gourdian25/gourdiansession/gourdiansession.go:609.18,611.5 1 0
github.com/gourdian25/gourdiansession/gourdiansession.go:612.4,612.15 1 1
github.com/gourdian25/gourdiansession/gourdiansession.go:612.15,614.5 1 0
github.com/gourdian25/gourdiansession/gourdiansession.go:615.4,615.14 1 1
github.com/gourdian25/gourdiansession/gourdiansession.go:617.3,617.13 1 1
github.com/gourdian25/gourdiansession/gourdiansession.go:620.2,620.39 1 1
github.com/gourdian25/gourdiansession/gourdiansession.go:620.39,622.3 1 0
github.com/gourdian25/gourdiansession/gourdiansession.go:623.2,623.12 1 1
github.com/gourdian25/gourdiansession/gourdiansession.go:626.131,628.16 2 1
github.com/gourdian25/gourdiansession/gourdiansession.go:628.16,630.3 1 0
github.com/gourdian25/gourdiansession/gourdiansession.go:632.2,633.16 2 1
github.com/gourdian25/gourdiansession/gourdiansession.go:633.16,634.32 1 1
github.com/gourdian25/gourdiansession/gourdiansession.go:634.32,636.4 1 1
github.com/gourdian25/gourdiansession/gourdiansession.go:637.3,637.75 1 0
github.com/gourdian25/gourdiansession/gourdiansession.go:640.2,642.16 3 1
github.com/gourdian25/gourdiansession/gourdiansession.go:642.16,644.3 1 0
github.com/gourdian25/gourdiansession/gourdiansession.go:646.2,646.19 1 1
github.com/gourdian25/gourdiansession/gourdiansession.go:649.119,651.16 2 1
github.com/gourdian25/gourdiansession/gourdiansession.go:651.16,653.3 1 0
github.com/gourdian25/gourdiansession/gourdiansession.go:655.2,656.16 2 1
github.com/gourdian25/gourdiansession/gourdiansession.go:656.16,658.3 1 0
github.com/gourdian25/gourdiansession/gourdiansession.go:660.2,660.12 1 1
github.com/gourdian25/gourdiansession/gourdiansession.go:663.135,665.16 2 1
github.com/gourdian25/gourdiansession/gourdiansession.go:665.16,667.3 1 0
github.com/gourdian25/gourdiansession/gourdiansession.go:669.2,670.16 2 1
github.com/gourdian25/gourdiansession/gourdiansession.go:670.16,672.3 1 0
github.com/gourdian25/gourdiansession/gourdiansession.go:674.2,674.12 1 1
github.com/gourdian25/gourdiansession/gourdiansession.go:677.112,679.16 2 1
github.com/gourdian25/gourdiansession/gourdiansession.go:679.16,680.32 1 1
github.com/gourdian25/gourdiansession/gourdiansession.go:680.32,682.4 1 1
github.com/gourdian25/gourdiansession/gourdiansession.go:683.3,683.77 1 0
github.com/gourdian25/gourdiansession/gourdiansession.go:686.2,688.16 3 1
github.com/gourdian25/gourdiansession/gourdiansession.go:688.16,690.3 1 0
github.com/gourdian25/gourdiansession/gourdiansession.go:692.2,692.19 1 1
github.com/gourdian25/gourdiansession/gourdiansession.go:695.100,697.16 2 1
github.com/gourdian25/gourdiansession/gourdiansession.go:697.16,699.3 1 0
github.com/gourdian25/gourdiansession/gourdiansession.go:701.2,701.12 1 1
github.com/gourdian25/gourdiansession/gourdiansession.go:766.123,771.2 1 1
github.com/gourdian25/gourdiansession/gourdiansession.go:773.178,774.24 1 1
github.com/gourdian25/gourdiansession/gourdiansession.go:774.24,776.3 1 0
github.com/gourdian25/gourdiansession/gourdiansession.go:777.2,777.20 1 1
github.com/gourdian25/gourdiansession/gourdiansession.go:777.20,779.3 1 0
github.com/gourdian25/gourdiansession/gourdiansession.go:781.2,781.58 1 1
github.com/gourdian25/gourdiansession/gourdiansession.go:781.58,783.3 1 1
github.com/gourdian25/gourdiansession/gourdiansession.go:785.2,785.82 1 1
github.com/gourdian25/gourdiansession/gourdiansession.go:785.82,787.3 1 1
github.com/gourdian25/gourdiansession/gourdiansession.go:789.2,799.16 3 1
github.com/gourdian25/gourdiansession/gourdiansession.go:799.16,801.3 1 0
github.com/gourdian25/gourdiansession/gourdiansession.go:803.2,803.28 1 1
github.com/gourdian25/gourdiansession/gourdiansession.go:806.96,807.27 1 1
github.com/gourdian25/gourdiansession/gourdiansession.go:807.27,809.3 1 0
github.com/gourdian25/gourdiansession/gourdiansession.go:811.2,811.65 1 1
github.com/gourdian25/gourdiansession/gourdiansession.go:811.65,813.3 1 1
github.com/gourdian25/gourdiansession/gourdiansession.go:815.2,815.12 1 1
github.com/gourdian25/gourdiansession/gourdiansession.go:818.117,819.27 1 1
github.com/gourdian25/gourdiansession/gourdiansession.go:819.27,821.3 1 1
github.com/gourdian25/gourdiansession/gourdiansession.go:823.2,824.16 2 1
github.com/gourdian25/gourdiansession/gourdiansession.go:824.16,826.3 1 1
github.com/gourdian25/gourdiansession/gourdiansession.go:828.2,828.21 1 1
github.com/gourdian25/gourdiansession/gourdiansession.go:831.121,833.16 2 1
github.com/gourdian25/gourdiansession/gourdiansession.go:833.16,835.3 1 0
github.com/gourdian25/gourdiansession/gourdiansession.go:837.2,844.52 4 1
github.com/gourdian25/gourdiansession/gourdiansession.go:844.52,852.17 6 1
github.com/gourdian25/gourdiansession/gourdiansession.go:852.17,854.4 1 0
github.com/gourdian25/gourdiansession/gourdiansession.go:855.3,855.22 1 1
github.com/gourdian25/gourdiansession/gourdiansession.go:858.2,858.21 1 1
github.com/gourdian25/gourdiansession/gourdiansession.go:861.144,862.27 1 1
github.com/gourdian25/gourdiansession/gourdiansession.go:862.27,864.3 1 0
github.com/gourdian25/gourdiansession/gourdiansession.go:865.2,865.19 1 1
github.com/gourdian25/gourdiansession/gourdiansession.go:865.19,867.3 1 1
github.com/gourdian25/gourdiansession/gourdiansession.go:869.2,870.16 2 1
github.com/gourdian25/gourdiansession/gourdiansession.go:870.16,872.3 1 1
github.com/gourdian25/gourdiansession/gourdiansession.go:874.2,874.74 1 1
github.com/gourdian25/gourdiansession/gourdiansession.go:874.74,876.3 1 0
github.com/gourdian25/gourdiansession/gourdiansession.go:878.2,879.16 2 1
github.com/gourdian25/gourdiansession/gourdiansession.go:879.16,881.3 1 0
github.com/gourdian25/gourdiansession/gourdiansession.go:883.2,883.28 1 1
github.com/gourdian25/gourdiansession/gourdiansession.go:886.104,887.27 1 1
github.com/gourdian25/gourdiansession/gourdiansession.go:887.27,889.3 1 0
github.com/gourdian25/gourdiansession/gourdiansession.go:891.2,891.69 1 1
github.com/gourdian25/gourdiansession/gourdiansession.go:891.69,893.3 1 1
github.com/gourdian25/gourdiansession/gourdiansession.go:895.2,895.12 1 1
github.com/gourdian25/gourdiansession/gourdiansession.go:898.121,899.24 1 1
github.com/gourdian25/gourdiansession/gourdiansession.go:899.24,901.3 1 1
github.com/gourdian25/gourdiansession/gourdiansession.go:903.2,904.16 2 1
github.com/gourdian25/gourdiansession/gourdiansession.go:904.16,906.3 1 0
github.com/gourdian25/gourdiansession/gourdiansession.go:908.2,908.22 1 1
github.com/gourdian25/gourdiansession/gourdiansession.go:911.127,912.24 1 1
github.com/gourdian25/gourdiansession/gourdiansession.go:912.24,914.3 1 0
github.com/gourdian25/gourdiansession/gourdiansession.go:916.2,917.16 2 1
github.com/gourdian25/gourdiansession/gourdiansession.go:917.16,919.3 1 0
github.com/gourdian25/gourdiansession/gourdiansession.go:921.2,921.22 1 1
github.com/gourdian25/gourdiansession/gourdiansession.go:924.101,925.24 1 1
github.com/gourdian25/gourdiansession/gourdiansession.go:925.24,927.3 1 0
github.com/gourdian25/gourdiansession/gourdiansession.go:929.2,929.63 1 1
github.com/gourdian25/gourdiansession/gourdiansession.go:929.63,931.3 1 0
github.com/gourdian25/gourdiansession/gourdiansession.go:933.2,933.12 1 1
github.com/gourdian25/gourdiansession/gourdiansession.go:936.121,937.24 1 1
github.com/gourdian25/gourdiansession/gourdiansession.go:937.24,939.3 1 0
github.com/gourdian25/gourdiansession/gourdiansession.go:940.2,940.34 1 1
github.com/gourdian25/gourdiansession/gourdiansession.go:940.34,942.3 1 0
github.com/gourdian25/gourdiansession/gourdiansession.go:944.2,944.83 1 1
github.com/gourdian25/gourdiansession/gourdiansession.go:944.83,946.3 1 0
github.com/gourdian25/gourdiansession/gourdiansession.go:948.2,948.12 1 1
github.com/gourdian25/gourdiansession/gourdiansession.go:951.122,952.27 1 1
github.com/gourdian25/gourdiansession/gourdiansession.go:952.27,954.3 1 1
github.com/gourdian25/gourdiansession/gourdiansession.go:956.2,957.16 2 1
github.com/gourdian25/gourdiansession/gourdiansession.go:957.16,959.3 1 1
github.com/gourdian25/gourdiansession/gourdiansession.go:961.2,961.38 1 1
github.com/gourdian25/gourdiansession/gourdiansession.go:961.38,963.46 2 1
github.com/gourdian25/gourdiansession/gourdiansession.go:963.46,967.4 3 1
github.com/gourdian25/gourdiansession/gourdiansession.go:970.2,970.21 1 1
github.com/gourdian25/gourdiansession/gourdiansession.go:973.162,974.27 1 1
github.com/gourdian25/gourdiansession/gourdiansession.go:974.27,976.3 1 1
github.com/gourdian25/gourdiansession/gourdiansession.go:977.2,977.21 1 1
github.com/gourdian25/gourdiansession/gourdiansession.go:977.21,979.3 1 0
github.com/gourdian25/gourdiansession/gourdiansession.go:980.2,980.21 1 1
github.com/gourdian25/gourdiansession/gourdiansession.go:980.21,982.3 1 0
github.com/gourdian25/gourdiansession/gourdiansession.go:984.2,985.16 2 1
github.com/gourdian25/gourdiansession/gourdiansession.go:985.16,987.3 1 1
github.com/gourdian25/gourdiansession/gourdiansession.go:989.2,989.38 1 1
github.com/gourdian25/gourdiansession/gourdiansession.go:989.38,991.46 2 1
github.com/gourdian25/gourdiansession/gourdiansession.go:991.46,995.4 3 0
github.com/gourdian25/gourdiansession/gourdiansession.go:998.2,998.21 1 1
github.com/gourdian25/gourdiansession/gourdiansession.go:1001.128,1002.27 1 1
github.com/gourdian25/gourdiansession/gourdiansession.go:1002.27,1004.3 1 0
github.com/gourdian25/gourdiansession/gourdiansession.go:1005.2,1005.15 1 1
github.com/gourdian25/gourdiansession/gourdiansession.go:1005.15,1007.3 1 1
github.com/gourdian25/gourdiansession/gourdiansession.go:1009.2,1009.61 1 1
github.com/gourdian25/gourdiansession/gourdiansession.go:1009.61,1011.3 1 1
github.com/gourdian25/gourdiansession/gourdiansession.go:1013.2,1013.74 1 1
github.com/gourdian25/gourdiansession/gourdiansession.go:1013.74,1015.3 1 0
github.com/gourdian25/gourdiansession/gourdiansession.go:1017.2,1017.12 1 1
github.com/gourdian25/gourdiansession/gourdiansession.go:1020.124,1021.27 1 1
github.com/gourdian25/gourdiansession/gourdiansession.go:1021.27,1023.3 1 0
github.com/gourdian25/gourdiansession/gourdiansession.go:1024.2,1024.15 1 1
github.com/gourdian25/gourdiansession/gourdiansession.go:1024.15,1026.3 1 0
github.com/gourdian25/gourdiansession/gourdiansession.go:1028.2,1028.61 1 1
github.com/gourdian25/gourdiansession/gourdiansession.go:1028.61,1030.3 1 1
github.com/gourdian25/gourdiansession/gourdiansession.go:1032.2,1033.16 2 1
github.com/gourdian25/gourdiansession/gourdiansession.go:1033.16,1035.3 1 1
github.com/gourdian25/gourdiansession/gourdiansession.go:1037.2,1037.19 1 1
github.com/gourdian25/gourdiansession/gourdiansession.go:1040.112,1041.27 1 1
github.com/gourdian25/gourdiansession/gourdiansession.go:1041.27,1043.3 1 0
github.com/gourdian25/gourdiansession/gourdiansession.go:1044.2,1044.15 1 1
github.com/gourdian25/gourdiansession/gourdiansession.go:1044.15,1046.3 1 0
github.com/gourdian25/gourdiansession/gourdiansession.go:1048.2,1048.61 1 1
github.com/gourdian25/gourdiansession/gourdiansession.go:1048.61,1050.3 1 0
github.com/gourdian25/gourdiansession/gourdiansession.go:1052.2,1052.70 1 1
github.com/gourdian25/gourdiansession/gourdiansession.go:1052.70,1054.3 1 0
github.com/gourdian25/gourdiansession/gourdiansession.go:1056.2,1056.12 1 1
github.com/gourdian25/gourdiansession/gourdiansession.go:1059.128,1060.15 1 1
github.com/gourdian25/gourdiansession/gourdiansession.go:1060.15,1062.3 1 0
github.com/gourdian25/gourdiansession/gourdiansession.go:1063.2,1063.14 1 1
github.com/gourdian25/gourdiansession/gourdiansession.go:1063.14,1065.3 1 1
github.com/gourdian25/gourdiansession/gourdiansession.go:1067.2,1067.70 1 1
github.com/gourdian25/gourdiansession/gourdiansession.go:1067.70,1069.3 1 0
github.com/gourdian25/gourdiansession/gourdiansession.go:1071.2,1071.12 1 1
github.com/gourdian25/gourdiansession/gourdiansession.go:1074.105,1075.15 1 1
github.com/gourdian25/gourdiansession/gourdiansession.go:1075.15,1077.3 1 0
github.com/gourdian25/gourdiansession/gourdiansession.go:1079.2,1080.16 2 1
github.com/gourdian25/gourdiansession/gourdiansession.go:1080.16,1082.3 1 1
github.com/gourdian25/gourdiansession/gourdiansession.go:1084.2,1084.19 1 1
github.com/gourdian25/gourdiansession/gourdiansession.go:1087.93,1088.15 1 1
github.com/gourdian25/gourdiansession/gourdiansession.go:1088.15,1090.3 1 0
github.com/gourdian25/gourdiansession/gourdiansession.go:1092.2,1092.61 1 1
github.com/gourdian25/gourdiansession/gourdiansession.go:1092.61,1094.3 1 0
github.com/gourdian25/gourdiansession/gourdiansession.go:1096.2,1096.12 1 1
github.com/gourdian25/gourdiansession/gourdiansession.go:1099.127,1100.24 1 1
github.com/gourdian25/gourdiansession/gourdiansession.go:1100.24,1102.3 1 0
github.com/gourdian25/gourdiansession/gourdiansession.go:1104.2,1104.34 1 1
github.com/gourdian25/gourdiansession/gourdiansession.go:1104.34,1106.17 2 1
github.com/gourdian25/gourdiansession/gourdiansession.go:1106.17,1108.4 1 0
github.com/gourdian25/gourdiansession/gourdiansession.go:1110.3,1110.54 1 1
github.com/gourdian25/gourdiansession/gourdiansession.go:1110.54,1112.4 1 1
github.com/gourdian25/gourdiansession/gourdiansession.go:1115.2,1115.90 1 1
github.com/gourdian25/gourdiansession/gourdiansession.go:1115.90,1117.17 2 1
github.com/gourdian25/gourdiansession/gourdiansession.go:1117.17,1119.4 1 0
github.com/gourdian25/gourdiansession/gourdiansession.go:1121.3,1122.39 2 1
github.com/gourdian25/gourdiansession/gourdiansession.go:1122.39,1123.68 1 1
github.com/gourdian25/gourdiansession/gourdiansession.go:1123.68,1125.5 1 1
github.com/gourdian25/gourdiansession/gourdiansession.go:1128.3,1128.54 1 1
github.com/gourdian25/gourdiansession/gourdiansession.go:1128.54,1130.4 1 1
github.com/gourdian25/gourdiansession/gourdiansession.go:1133.2,1133.84 1 1
github.com/gourdian25/gourdiansession/gourdiansession.go:1133.84,1135.17 2 1
github.com/gourdian25/gourdiansession/gourdiansession.go:1135.17,1137.4 1 0
github.com/gourdian25/gourdiansession/gourdiansession.go:1139.3,1140.39 2 1
github.com/gourdian25/gourdiansession/gourdiansession.go:1140.39,1141.68 1 1
github.com/gourdian25/gourdiansession/gourdiansession.go:1141.68,1143.5 1 1
github.com/gourdian25/gourdiansession/gourdiansession.go:1146.3,1146.46 1 1
github.com/gourdian25/gourdiansession/gourdiansession.go:1146.46,1148.4 1 0
github.com/gourdian25/gourdiansession/gourdiansession.go:1151.2,1151.12 1 1
github.com/gourdian25/gourdiansession/gourdiansession.go:1154.130,1155.24 1 1
github.com/gourdian25/gourdiansession/gourdiansession.go:1155.24,1157.3 1 0
github.com/gourdian25/gourdiansession/gourdiansession.go:1159.2,1159.79 1 1
github.com/gourdian25/gourdiansession/gourdiansession.go:1159.79,1161.3 1 1
github.com/gourdian25/gourdiansession/gourdiansession.go:1163.2,1163.39 1 1
github.com/gourdian25/gourdiansession/gourdiansession.go:1163.39,1165.64 1 1
github.com/gourdian25/gourdiansession/gourdiansession.go:1165.64,1167.4 1 0
github.com/gourdian25/gourdiansession/gourdiansession.go:1170.2,1170.12 1 1
github.com/gourdian25/gourdiansession/gourdiansession.go:1173.76,1174.42 1 1
github.com/gourdian25/gourdiansession/gourdiansession.go:1174.42,1176.3 1 1
github.com/gourdian25/gourdiansession/gourdiansession.go:1178.2,1179.55 2 1
github.com/gourdian25/gourdiansession/gourdiansession.go:1179.55,1180.60 1 1
github.com/gourdian25/gourdiansession/gourdiansession.go:1180.60,1182.4 1 1
github.com/gourdian25/gourdiansession/gourdiansession.go:1185.2,1185.14 1 1
github.com/gourdian25/gourdiansession/gourdiansession.go:1188.109,1191.2 2 1
