mode: set
github.com/gourdian25/gourdiansession/gourdiansession.go:73.24,90.2 2 1
github.com/gourdian25/gourdiansession/gourdiansession.go:138.110,144.2 1 1
github.com/gourdian25/gourdiansession/gourdiansession.go:146.133,147.24 1 1
github.com/gourdian25/gourdiansession/gourdiansession.go:147.24,149.3 1 1
github.com/gourdian25/gourdiansession/gourdiansession.go:151.2,152.16 2 0
github.com/gourdian25/gourdiansession/gourdiansession.go:152.16,154.3 1 0
github.com/gourdian25/gourdiansession/gourdiansession.go:155.2,157.78 2 0
github.com/gourdian25/gourdiansession/gourdiansession.go:157.78,159.3 1 0
github.com/gourdian25/gourdiansession/gourdiansession.go:161.2,162.12 2 0
github.com/gourdian25/gourdiansession/gourdiansession.go:165.137,166.20 1 1
github.com/gourdian25/gourdiansession/gourdiansession.go:166.20,168.3 1 1
github.com/gourdian25/gourdiansession/gourdiansession.go:170.2,172.76 2 1
github.com/gourdian25/gourdiansession/gourdiansession.go:172.76,176.17 3 1
github.com/gourdian25/gourdiansession/gourdiansession.go:176.17,178.4 1 0
github.com/gourdian25/gourdiansession/gourdiansession.go:179.3,179.16 1 1
github.com/gourdian25/gourdiansession/gourdiansession.go:179.16,181.4 1 1
github.com/gourdian25/gourdiansession/gourdiansession.go:184.3,188.17 4 1
github.com/gourdian25/gourdiansession/gourdiansession.go:188.17,189.38 1 0
github.com/gourdian25/gourdiansession/gourdiansession.go:189.38,191.5 1 0
github.com/gourdian25/gourdiansession/gourdiansession.go:192.4,192.58 1 0
github.com/gourdian25/gourdiansession/gourdiansession.go:196.3,197.13 2 1
github.com/gourdian25/gourdiansession/gourdiansession.go:200.2,200.16 1 1
github.com/gourdian25/gourdiansession/gourdiansession.go:200.16,202.3 1 1
github.com/gourdian25/gourdiansession/gourdiansession.go:204.2,204.28 1 1
github.com/gourdian25/gourdiansession/gourdiansession.go:207.108,208.76 1 0
github.com/gourdian25/gourdiansession/gourdiansession.go:208.76,223.17 4 0
github.com/gourdian25/gourdiansession/gourdiansession.go:223.17,225.4 1 0
github.com/gourdian25/gourdiansession/gourdiansession.go:227.3,227.31 1 0
github.com/gourdian25/gourdiansession/gourdiansession.go:227.31,229.4 1 0
github.com/gourdian25/gourdiansession/gourdiansession.go:231.3,231.13 1 0
github.com/gourdian25/gourdiansession/gourdiansession.go:235.129,240.16 4 1
github.com/gourdian25/gourdiansession/gourdiansession.go:240.16,241.34 1 0
github.com/gourdian25/gourdiansession/gourdiansession.go:241.34,243.4 1 0
github.com/gourdian25/gourdiansession/gourdiansession.go:244.3,244.59 1 0
github.com/gourdian25/gourdiansession/gourdiansession.go:248.2,248.42 1 1
github.com/gourdian25/gourdiansession/gourdiansession.go:248.42,250.3 1 0
github.com/gourdian25/gourdiansession/gourdiansession.go:252.2,252.22 1 1
github.com/gourdian25/gourdiansession/gourdiansession.go:255.137,256.20 1 0
github.com/gourdian25/gourdiansession/gourdiansession.go:256.20,258.3 1 0
github.com/gourdian25/gourdiansession/gourdiansession.go:260.2,262.76 2 0
github.com/gourdian25/gourdiansession/gourdiansession.go:262.76,290.17 5 0
github.com/gourdian25/gourdiansession/gourdiansession.go:290.17,291.35 1 0
github.com/gourdian25/gourdiansession/gourdiansession.go:291.35,293.5 1 0
github.com/gourdian25/gourdiansession/gourdiansession.go:294.4,294.58 1 0
github.com/gourdian25/gourdiansession/gourdiansession.go:297.3,297.13 1 0
github.com/gourdian25/gourdiansession/gourdiansession.go:300.2,300.16 1 0
github.com/gourdian25/gourdiansession/gourdiansession.go:300.16,302.3 1 0
github.com/gourdian25/gourdiansession/gourdiansession.go:304.2,304.28 1 0
github.com/gourdian25/gourdiansession/gourdiansession.go:307.104,308.76 1 0
github.com/gourdian25/gourdiansession/gourdiansession.go:308.76,314.17 2 0
github.com/gourdian25/gourdiansession/gourdiansession.go:314.17,316.4 1 0
github.com/gourdian25/gourdiansession/gourdiansession.go:319.3,323.17 2 0
github.com/gourdian25/gourdiansession/gourdiansession.go:323.17,325.4 1 0
github.com/gourdian25/gourdiansession/gourdiansession.go:327.3,327.31 1 0
github.com/gourdian25/gourdiansession/gourdiansession.go:327.31,329.4 1 0
github.com/gourdian25/gourdiansession/gourdiansession.go:331.3,331.13 1 0
github.com/gourdian25/gourdiansession/gourdiansession.go:335.133,342.16 3 1
github.com/gourdian25/gourdiansession/gourdiansession.go:342.16,344.3 1 0
github.com/gourdian25/gourdiansession/gourdiansession.go:346.2,347.50 2 1
github.com/gourdian25/gourdiansession/gourdiansession.go:347.50,349.3 1 0
github.com/gourdian25/gourdiansession/gourdiansession.go:352.2,353.35 2 1
github.com/gourdian25/gourdiansession/gourdiansession.go:353.35,354.42 1 0
github.com/gourdian25/gourdiansession/gourdiansession.go:354.42,356.4 1 0
github.com/gourdian25/gourdiansession/gourdiansession.go:359.2,359.27 1 1
github.com/gourdian25/gourdiansession/gourdiansession.go:362.139,371.16 3 0
github.com/gourdian25/gourdiansession/gourdiansession.go:371.16,373.3 1 0
github.com/gourdian25/gourdiansession/gourdiansession.go:375.2,376.50 2 0
github.com/gourdian25/gourdiansession/gourdiansession.go:376.50,378.3 1 0
github.com/gourdian25/gourdiansession/gourdiansession.go:380.2,380.22 1 0
github.com/gourdian25/gourdiansession/gourdiansession.go:383.106,384.76 1 1
github.com/gourdian25/gourdiansession/gourdiansession.go:384.76,401.17 4 1
github.com/gourdian25/gourdiansession/gourdiansession.go:401.17,403.4 1 0
github.com/gourdian25/gourdiansession/gourdiansession.go:405.3,405.13 1 1
github.com/gourdian25/gourdiansession/gourdiansession.go:409.125,410.76 1 1
github.com/gourdian25/gourdiansession/gourdiansession.go:410.76,428.17 4 1
github.com/gourdian25/gourdiansession/gourdiansession.go:428.17,430.4 1 0
github.com/gourdian25/gourdiansession/gourdiansession.go:432.3,432.13 1 1
github.com/gourdian25/gourdiansession/gourdiansession.go:436.128,437.76 1 0
github.com/gourdian25/gourdiansession/gourdiansession.go:437.76,440.17 2 0
github.com/gourdian25/gourdiansession/gourdiansession.go:440.17,442.4 1 0
github.com/gourdian25/gourdiansession/gourdiansession.go:444.3,444.44 1 0
github.com/gourdian25/gourdiansession/gourdiansession.go:444.44,446.4 1 0
github.com/gourdian25/gourdiansession/gourdiansession.go:448.3,459.17 5 0
github.com/gourdian25/gourdiansession/gourdiansession.go:459.17,461.4 1 0
github.com/gourdian25/gourdiansession/gourdiansession.go:463.3,463.13 1 0
github.com/gourdian25/gourdiansession/gourdiansession.go:467.112,477.16 4 0
github.com/gourdian25/gourdiansession/gourdiansession.go:477.16,479.3 1 0
github.com/gourdian25/gourdiansession/gourdiansession.go:481.2,481.12 1 0
github.com/gourdian25/gourdiansession/gourdiansession.go:484.134,486.16 2 1
github.com/gourdian25/gourdiansession/gourdiansession.go:486.16,488.3 1 0
github.com/gourdian25/gourdiansession/gourdiansession.go:490.2,490.43 1 1
github.com/gourdian25/gourdiansession/gourdiansession.go:490.43,492.3 1 0
github.com/gourdian25/gourdiansession/gourdiansession.go:494.2,494.42 1 1
github.com/gourdian25/gourdiansession/gourdiansession.go:494.42,498.23 3 0
github.com/gourdian25/gourdiansession/gourdiansession.go:498.23,500.4 1 0
github.com/gourdian25/gourdiansession/gourdiansession.go:501.3,501.71 1 0
github.com/gourdian25/gourdiansession/gourdiansession.go:504.2,504.21 1 1
github.com/gourdian25/gourdiansession/gourdiansession.go:507.167,509.16 2 1
github.com/gourdian25/gourdiansession/gourdiansession.go:509.16,511.3 1 0
github.com/gourdian25/gourdiansession/gourdiansession.go:513.2,513.65 1 1
github.com/gourdian25/gourdiansession/gourdiansession.go:513.65,515.3 1 1
github.com/gourdian25/gourdiansession/gourdiansession.go:517.2,517.65 1 1
github.com/gourdian25/gourdiansession/gourdiansession.go:517.65,519.3 1 1
github.com/gourdian25/gourdiansession/gourdiansession.go:521.2,521.21 1 1
github.com/gourdian25/gourdiansession/gourdiansession.go:524.136,527.16 2 1
github.com/gourdian25/gourdiansession/gourdiansession.go:527.16,529.3 1 0
github.com/gourdian25/gourdiansession/gourdiansession.go:532.2,533.16 2 1
github.com/gourdian25/gourdiansession/gourdiansession.go:533.16,535.3 1 0
github.com/gourdian25/gourdiansession/gourdiansession.go:538.2,555.16 6 1
github.com/gourdian25/gourdiansession/gourdiansession.go:555.16,557.3 1 0
github.com/gourdian25/gourdiansession/gourdiansession.go:559.2,559.12 1 1
github.com/gourdian25/gourdiansession/gourdiansession.go:562.132,565.16 2 1
github.com/gourdian25/gourdiansession/gourdiansession.go:565.16,567.3 1 0
github.com/gourdian25/gourdiansession/gourdiansession.go:570.2,578.16 5 1
github.com/gourdian25/gourdiansession/gourdiansession.go:578.16,579.34 1 1
github.com/gourdian25/gourdiansession/gourdiansession.go:579.34,581.4 1 1
github.com/gourdian25/gourdiansession/gourdiansession.go:582.3,582.64 1 0
github.com/gourdian25/gourdiansession/gourdiansession.go:585.2,587.16 3 1
github.com/gourdian25/gourdiansession/gourdiansession.go:587.16,589.3 1 0
github.com/gourdian25/gourdiansession/gourdiansession.go:591.2,591.19 1 1
github.com/gourdian25/gourdiansession/gourdiansession.go:594.120,597.16 2 1
github.com/gourdian25/gourdiansession/gourdiansession.go:597.16,599.3 1 0
github.com/gourdian25/gourdiansession/gourdiansession.go:602.2,606.16 4 1
github.com/gourdian25/gourdiansession/gourdiansession.go:606.16,608.3 1 0
github.com/gourdian25/gourdiansession/gourdiansession.go:610.2,610.12 1 1
github.com/gourdian25/gourdiansession/gourdiansession.go:613.136,616.16 2 0
github.com/gourdian25/gourdiansession/gourdiansession.go:616.16,618.3 1 0
github.com/gourdian25/gourdiansession/gourdiansession.go:621.2,635.16 6 0
github.com/gourdian25/gourdiansession/gourdiansession.go:635.16,637.3 1 0
github.com/gourdian25/gourdiansession/gourdiansession.go:639.2,639.12 1 0
github.com/gourdian25/gourdiansession/gourdiansession.go:642.113,650.16 4 0
github.com/gourdian25/gourdiansession/gourdiansession.go:650.16,651.34 1 0
github.com/gourdian25/gourdiansession/gourdiansession.go:651.34,653.4 1 0
github.com/gourdian25/gourdiansession/gourdiansession.go:654.3,654.66 1 0
github.com/gourdian25/gourdiansession/gourdiansession.go:658.2,658.41 1 0
github.com/gourdian25/gourdiansession/gourdiansession.go:658.41,662.3 2 0
github.com/gourdian25/gourdiansession/gourdiansession.go:664.2,666.16 3 0
github.com/gourdian25/gourdiansession/gourdiansession.go:666.16,668.3 1 0
github.com/gourdian25/gourdiansession/gourdiansession.go:670.2,670.19 1 0
github.com/gourdian25/gourdiansession/gourdiansession.go:673.101,676.16 3 0
github.com/gourdian25/gourdiansession/gourdiansession.go:676.16,678.3 1 0
github.com/gourdian25/gourdiansession/gourdiansession.go:680.2,680.12 1 0
github.com/gourdian25/gourdiansession/gourdiansession.go:745.123,750.2 1 1
github.com/gourdian25/gourdiansession/gourdiansession.go:752.178,753.24 1 1
github.com/gourdian25/gourdiansession/gourdiansession.go:753.24,755.3 1 0
github.com/gourdian25/gourdiansession/gourdiansession.go:756.2,756.20 1 1
github.com/gourdian25/gourdiansession/gourdiansession.go:756.20,758.3 1 0
github.com/gourdian25/gourdiansession/gourdiansession.go:760.2,760.58 1 1
github.com/gourdian25/gourdiansession/gourdiansession.go:760.58,762.3 1 1
github.com/gourdian25/gourdiansession/gourdiansession.go:764.2,764.82 1 1
github.com/gourdian25/gourdiansession/gourdiansession.go:764.82,766.3 1 1
github.com/gourdian25/gourdiansession/gourdiansession.go:768.2,778.16 3 1
github.com/gourdian25/gourdiansession/gourdiansession.go:778.16,780.3 1 0
github.com/gourdian25/gourdiansession/gourdiansession.go:782.2,782.28 1 1
github.com/gourdian25/gourdiansession/gourdiansession.go:785.96,786.27 1 1
github.com/gourdian25/gourdiansession/gourdiansession.go:786.27,788.3 1 0
github.com/gourdian25/gourdiansession/gourdiansession.go:790.2,790.65 1 1
github.com/gourdian25/gourdiansession/gourdiansession.go:790.65,792.3 1 1
github.com/gourdian25/gourdiansession/gourdiansession.go:794.2,794.12 1 1
github.com/gourdian25/gourdiansession/gourdiansession.go:797.117,798.27 1 1
github.com/gourdian25/gourdiansession/gourdiansession.go:798.27,800.3 1 1
github.com/gourdian25/gourdiansession/gourdiansession.go:802.2,803.16 2 1
github.com/gourdian25/gourdiansession/gourdiansession.go:803.16,805.3 1 1
github.com/gourdian25/gourdiansession/gourdiansession.go:807.2,807.21 1 1
github.com/gourdian25/gourdiansession/gourdiansession.go:810.121,812.16 2 1
github.com/gourdian25/gourdiansession/gourdiansession.go:812.16,814.3 1 0
github.com/gourdian25/gourdiansession/gourdiansession.go:816.2,823.52 4 1
github.com/gourdian25/gourdiansession/gourdiansession.go:823.52,831.17 6 1
github.com/gourdian25/gourdiansession/gourdiansession.go:831.17,833.4 1 0
github.com/gourdian25/gourdiansession/gourdiansession.go:834.3,834.22 1 1
github.com/gourdian25/gourdiansession/gourdiansession.go:837.2,837.21 1 1
github.com/gourdian25/gourdiansession/gourdiansession.go:840.144,841.27 1 1
github.com/gourdian25/gourdiansession/gourdiansession.go:841.27,843.3 1 0
github.com/gourdian25/gourdiansession/gourdiansession.go:844.2,844.19 1 1
github.com/gourdian25/gourdiansession/gourdiansession.go:844.19,846.3 1 1
github.com/gourdian25/gourdiansession/gourdiansession.go:848.2,849.16 2 1
github.com/gourdian25/gourdiansession/gourdiansession.go:849.16,851.3 1 1
github.com/gourdian25/gourdiansession/gourdiansession.go:853.2,853.74 1 1
github.com/gourdian25/gourdiansession/gourdiansession.go:853.74,855.3 1 0
github.com/gourdian25/gourdiansession/gourdiansession.go:857.2,858.16 2 1
github.com/gourdian25/gourdiansession/gourdiansession.go:858.16,860.3 1 0
github.com/gourdian25/gourdiansession/gourdiansession.go:862.2,862.28 1 1
github.com/gourdian25/gourdiansession/gourdiansession.go:865.104,866.27 1 1
github.com/gourdian25/gourdiansession/gourdiansession.go:866.27,868.3 1 0
github.com/gourdian25/gourdiansession/gourdiansession.go:870.2,870.69 1 1
github.com/gourdian25/gourdiansession/gourdiansession.go:870.69,872.3 1 1
github.com/gourdian25/gourdiansession/gourdiansession.go:874.2,874.12 1 1
github.com/gourdian25/gourdiansession/gourdiansession.go:877.121,878.24 1 1
github.com/gourdian25/gourdiansession/gourdiansession.go:878.24,880.3 1 1
github.com/gourdian25/gourdiansession/gourdiansession.go:882.2,883.16 2 1
github.com/gourdian25/gourdiansession/gourdiansession.go:883.16,885.3 1 0
github.com/gourdian25/gourdiansession/gourdiansession.go:887.2,887.22 1 1
github.com/gourdian25/gourdiansession/gourdiansession.go:890.127,891.24 1 1
github.com/gourdian25/gourdiansession/gourdiansession.go:891.24,893.3 1 0
github.com/gourdian25/gourdiansession/gourdiansession.go:895.2,896.16 2 1
github.com/gourdian25/gourdiansession/gourdiansession.go:896.16,898.3 1 0
github.com/gourdian25/gourdiansession/gourdiansession.go:900.2,900.22 1 1
github.com/gourdian25/gourdiansession/gourdiansession.go:903.101,904.24 1 1
github.com/gourdian25/gourdiansession/gourdiansession.go:904.24,906.3 1 0
github.com/gourdian25/gourdiansession/gourdiansession.go:908.2,908.63 1 1
github.com/gourdian25/gourdiansession/gourdiansession.go:908.63,910.3 1 0
github.com/gourdian25/gourdiansession/gourdiansession.go:912.2,912.12 1 1
github.com/gourdian25/gourdiansession/gourdiansession.go:915.121,916.24 1 1
github.com/gourdian25/gourdiansession/gourdiansession.go:916.24,918.3 1 0
github.com/gourdian25/gourdiansession/gourdiansession.go:919.2,919.34 1 1
github.com/gourdian25/gourdiansession/gourdiansession.go:919.34,921.3 1 0
github.com/gourdian25/gourdiansession/gourdiansession.go:923.2,923.83 1 1
github.com/gourdian25/gourdiansession/gourdiansession.go:923.83,925.3 1 0
github.com/gourdian25/gourdiansession/gourdiansession.go:927.2,927.12 1 1
github.com/gourdian25/gourdiansession/gourdiansession.go:930.122,931.27 1 1
github.com/gourdian25/gourdiansession/gourdiansession.go:931.27,933.3 1 1
github.com/gourdian25/gourdiansession/gourdiansession.go:935.2,936.16 2 1
github.com/gourdian25/gourdiansession/gourdiansession.go:936.16,938.3 1 1
github.com/gourdian25/gourdiansession/gourdiansession.go:940.2,940.38 1 1
github.com/gourdian25/gourdiansession/gourdiansession.go:940.38,942.46 2 1
github.com/gourdian25/gourdiansession/gourdiansession.go:942.46,946.4 3 1
github.com/gourdian25/gourdiansession/gourdiansession.go:949.2,949.21 1 1
github.com/gourdian25/gourdiansession/gourdiansession.go:952.162,953.27 1 1
github.com/gourdian25/gourdiansession/gourdiansession.go:953.27,955.3 1 1
github.com/gourdian25/gourdiansession/gourdiansession.go:956.2,956.21 1 1
github.com/gourdian25/gourdiansession/gourdiansession.go:956.21,958.3 1 0
github.com/gourdian25/gourdiansession/gourdiansession.go:959.2,959.21 1 1
github.com/gourdian25/gourdiansession/gourdiansession.go:959.21,961.3 1 0
github.com/gourdian25/gourdiansession/gourdiansession.go:963.2,964.16 2 1
github.com/gourdian25/gourdiansession/gourdiansession.go:964.16,966.3 1 1
github.com/gourdian25/gourdiansession/gourdiansession.go:968.2,968.38 1 1
github.com/gourdian25/gourdiansession/gourdiansession.go:968.38,970.46 2 1
github.com/gourdian25/gourdiansession/gourdiansession.go:970.46,974.4 3 0
github.com/gourdian25/gourdiansession/gourdiansession.go:977.2,977.21 1 1
github.com/gourdian25/gourdiansession/gourdiansession.go:980.128,981.27 1 1
github.com/gourdian25/gourdiansession/gourdiansession.go:981.27,983.3 1 0
github.com/gourdian25/gourdiansession/gourdiansession.go:984.2,984.15 1 1
github.com/gourdian25/gourdiansession/gourdiansession.go:984.15,986.3 1 1
github.com/gourdian25/gourdiansession/gourdiansession.go:988.2,988.61 1 1
github.com/gourdian25/gourdiansession/gourdiansession.go:988.61,990.3 1 1
github.com/gourdian25/gourdiansession/gourdiansession.go:992.2,992.74 1 1
github.com/gourdian25/gourdiansession/gourdiansession.go:992.74,994.3 1 0
github.com/gourdian25/gourdiansession/gourdiansession.go:996.2,996.12 1 1
github.com/gourdian25/gourdiansession/gourdiansession.go:999.124,1000.27 1 1
github.com/gourdian25/gourdiansession/gourdiansession.go:1000.27,1002.3 1 0
github.com/gourdian25/gourdiansession/gourdiansession.go:1003.2,1003.15 1 1
github.com/gourdian25/gourdiansession/gourdiansession.go:1003.15,1005.3 1 0
github.com/gourdian25/gourdiansession/gourdiansession.go:1007.2,1007.61 1 1
github.com/gourdian25/gourdiansession/gourdiansession.go:1007.61,1009.3 1 1
github.com/gourdian25/gourdiansession/gourdiansession.go:1011.2,1012.16 2 1
github.com/gourdian25/gourdiansession/gourdiansession.go:1012.16,1014.3 1 1
github.com/gourdian25/gourdiansession/gourdiansession.go:1016.2,1016.19 1 1
github.com/gourdian25/gourdiansession/gourdiansession.go:1019.112,1020.27 1 1
github.com/gourdian25/gourdiansession/gourdiansession.go:1020.27,1022.3 1 0
github.com/gourdian25/gourdiansession/gourdiansession.go:1023.2,1023.15 1 1
github.com/gourdian25/gourdiansession/gourdiansession.go:1023.15,1025.3 1 0
github.com/gourdian25/gourdiansession/gourdiansession.go:1027.2,1027.61 1 1
github.com/gourdian25/gourdiansession/gourdiansession.go:1027.61,1029.3 1 0
github.com/gourdian25/gourdiansession/gourdiansession.go:1031.2,1031.70 1 1
github.com/gourdian25/gourdiansession/gourdiansession.go:1031.70,1033.3 1 0
github.com/gourdian25/gourdiansession/gourdiansession.go:1035.2,1035.12 1 1
github.com/gourdian25/gourdiansession/gourdiansession.go:1038.128,1039.15 1 1
github.com/gourdian25/gourdiansession/gourdiansession.go:1039.15,1041.3 1 0
github.com/gourdian25/gourdiansession/gourdiansession.go:1042.2,1042.14 1 1
github.com/gourdian25/gourdiansession/gourdiansession.go:1042.14,1044.3 1 1
github.com/gourdian25/gourdiansession/gourdiansession.go:1046.2,1046.70 1 1
github.com/gourdian25/gourdiansession/gourdiansession.go:1046.70,1048.3 1 0
github.com/gourdian25/gourdiansession/gourdiansession.go:1050.2,1050.12 1 1
github.com/gourdian25/gourdiansession/gourdiansession.go:1053.105,1054.15 1 1
github.com/gourdian25/gourdiansession/gourdiansession.go:1054.15,1056.3 1 0
github.com/gourdian25/gourdiansession/gourdiansession.go:1058.2,1059.16 2 1
github.com/gourdian25/gourdiansession/gourdiansession.go:1059.16,1061.3 1 1
github.com/gourdian25/gourdiansession/gourdiansession.go:1063.2,1063.19 1 1
github.com/gourdian25/gourdiansession/gourdiansession.go:1066.93,1067.15 1 1
github.com/gourdian25/gourdiansession/gourdiansession.go:1067.15,1069.3 1 0
github.com/gourdian25/gourdiansession/gourdiansession.go:1071.2,1071.61 1 1
github.com/gourdian25/gourdiansession/gourdiansession.go:1071.61,1073.3 1 0
github.com/gourdian25/gourdiansession/gourdiansession.go:1075.2,1075.12 1 1
github.com/gourdian25/gourdiansession/gourdiansession.go:1078.127,1079.24 1 1
github.com/gourdian25/gourdiansession/gourdiansession.go:1079.24,1081.3 1 0
github.com/gourdian25/gourdiansession/gourdiansession.go:1083.2,1083.34 1 1
github.com/gourdian25/gourdiansession/gourdiansession.go:1083.34,1085.17 2 1
github.com/gourdian25/gourdiansession/gourdiansession.go:1085.17,1087.4 1 0
github.com/gourdian25/gourdiansession/gourdiansession.go:1089.3,1089.54 1 1
github.com/gourdian25/gourdiansession/gourdiansession.go:1089.54,1091.4 1 1
github.com/gourdian25/gourdiansession/gourdiansession.go:1094.2,1094.90 1 1
github.com/gourdian25/gourdiansession/gourdiansession.go:1094.90,1096.17 2 1
github.com/gourdian25/gourdiansession/gourdiansession.go:1096.17,1098.4 1 0
github.com/gourdian25/gourdiansession/gourdiansession.go:1100.3,1101.39 2 1
github.com/gourdian25/gourdiansession/gourdiansession.go:1101.39,1102.68 1 1
github.com/gourdian25/gourdiansession/gourdiansession.go:1102.68,1104.5 1 1
github.com/gourdian25/gourdiansession/gourdiansession.go:1107.3,1107.54 1 1
github.com/gourdian25/gourdiansession/gourdiansession.go:1107.54,1109.4 1 1
github.com/gourdian25/gourdiansession/gourdiansession.go:1112.2,1112.84 1 1
github.com/gourdian25/gourdiansession/gourdiansession.go:1112.84,1114.17 2 1
github.com/gourdian25/gourdiansession/gourdiansession.go:1114.17,1116.4 1 0
github.com/gourdian25/gourdiansession/gourdiansession.go:1118.3,1119.39 2 1
github.com/gourdian25/gourdiansession/gourdiansession.go:1119.39,1120.68 1 1
github.com/gourdian25/gourdiansession/gourdiansession.go:1120.68,1122.5 1 1
github.com/gourdian25/gourdiansession/gourdiansession.go:1125.3,1125.46 1 1
github.com/gourdian25/gourdiansession/gourdiansession.go:1125.46,1127.4 1 0
github.com/gourdian25/gourdiansession/gourdiansession.go:1130.2,1130.12 1 1
github.com/gourdian25/gourdiansession/gourdiansession.go:1133.130,1134.24 1 1
github.com/gourdian25/gourdiansession/gourdiansession.go:1134.24,1136.3 1 0
github.com/gourdian25/gourdiansession/gourdiansession.go:1138.2,1138.79 1 1
github.com/gourdian25/gourdiansession/gourdiansession.go:1138.79,1140.3 1 1
github.com/gourdian25/gourdiansession/gourdiansession.go:1142.2,1142.39 1 1
github.com/gourdian25/gourdiansession/gourdiansession.go:1142.39,1144.64 1 1
github.com/gourdian25/gourdiansession/gourdiansession.go:1144.64,1146.4 1 0
github.com/gourdian25/gourdiansession/gourdiansession.go:1149.2,1149.12 1 1
github.com/gourdian25/gourdiansession/gourdiansession.go:1152.76,1153.42 1 1
github.com/gourdian25/gourdiansession/gourdiansession.go:1153.42,1155.3 1 1
github.com/gourdian25/gourdiansession/gourdiansession.go:1157.2,1158.55 2 1
github.com/gourdian25/gourdiansession/gourdiansession.go:1158.55,1159.60 1 1
github.com/gourdian25/gourdiansession/gourdiansession.go:1159.60,1161.4 1 1
github.com/gourdian25/gourdiansession/gourdiansession.go:1164.2,1164.14 1 1
github.com/gourdian25/gourdiansession/gourdiansession.go:1170.29,1173.2 2 1
github.com/gourdian25/gourdiansession/gourdiansession.go:1180.29,1184.2 3 0
github.com/gourdian25/gourdiansession/gourdiansessionRedisRepositoryImp.go:29.89,33.2 1 1
github.com/gourdian25/gourdiansession/gourdiansessionRedisRepositoryImp.go:35.80,37.2 1 1
github.com/gourdian25/gourdiansession/gourdiansessionRedisRepositoryImp.go:39.82,41.2 1 1
github.com/gourdian25/gourdiansession/gourdiansessionRedisRepositoryImp.go:43.84,45.2 1 1
github.com/gourdian25/gourdiansession/gourdiansessionRedisRepositoryImp.go:47.72,49.2 1 1
github.com/gourdian25/gourdiansession/gourdiansessionRedisRepositoryImp.go:51.136,52.20 1 1
github.com/gourdian25/gourdiansession/gourdiansessionRedisRepositoryImp.go:52.20,54.3 1 1
github.com/gourdian25/gourdiansession/gourdiansessionRedisRepositoryImp.go:57.2,57.54 1 1
github.com/gourdian25/gourdiansession/gourdiansessionRedisRepositoryImp.go:57.54,60.17 2 1
github.com/gourdian25/gourdiansession/gourdiansessionRedisRepositoryImp.go:60.17,62.4 1 0
github.com/gourdian25/gourdiansession/gourdiansessionRedisRepositoryImp.go:63.3,63.17 1 1
github.com/gourdian25/gourdiansession/gourdiansessionRedisRepositoryImp.go:63.17,65.4 1 1
github.com/gourdian25/gourdiansession/gourdiansessionRedisRepositoryImp.go:68.3,69.17 2 1
github.com/gourdian25/gourdiansession/gourdiansessionRedisRepositoryImp.go:69.17,71.4 1 0
github.com/gourdian25/gourdiansession/gourdiansessionRedisRepositoryImp.go:74.3,74.65 1 1
github.com/gourdian25/gourdiansession/gourdiansessionRedisRepositoryImp.go:74.65,79.4 4 1
github.com/gourdian25/gourdiansession/gourdiansessionRedisRepositoryImp.go:80.3,80.13 1 1
github.com/gourdian25/gourdiansession/gourdiansessionRedisRepositoryImp.go:83.2,83.39 1 1
github.com/gourdian25/gourdiansession/gourdiansessionRedisRepositoryImp.go:83.39,85.3 1 0
github.com/gourdian25/gourdiansession/gourdiansessionRedisRepositoryImp.go:86.2,86.16 1 1
github.com/gourdian25/gourdiansession/gourdiansessionRedisRepositoryImp.go:86.16,88.3 1 1
github.com/gourdian25/gourdiansession/gourdiansessionRedisRepositoryImp.go:90.2,90.21 1 1
github.com/gourdian25/gourdiansession/gourdiansessionRedisRepositoryImp.go:93.107,94.54 1 1
github.com/gourdian25/gourdiansession/gourdiansessionRedisRepositoryImp.go:94.54,97.32 2 1
github.com/gourdian25/gourdiansession/gourdiansessionRedisRepositoryImp.go:97.32,99.4 1 1
github.com/gourdian25/gourdiansession/gourdiansessionRedisRepositoryImp.go:100.3,100.17 1 1
github.com/gourdian25/gourdiansession/gourdiansessionRedisRepositoryImp.go:100.17,102.4 1 0
github.com/gourdian25/gourdiansession/gourdiansessionRedisRepositoryImp.go:104.3,105.71 2 1
github.com/gourdian25/gourdiansession/gourdiansessionRedisRepositoryImp.go:105.71,107.4 1 0
github.com/gourdian25/gourdiansession/gourdiansessionRedisRepositoryImp.go:110.3,110.44 1 1
github.com/gourdian25/gourdiansession/gourdiansessionRedisRepositoryImp.go:110.44,112.4 1 1
github.com/gourdian25/gourdiansession/gourdiansessionRedisRepositoryImp.go:115.3,119.17 4 1
github.com/gourdian25/gourdiansession/gourdiansessionRedisRepositoryImp.go:119.17,121.4 1 0
github.com/gourdian25/gourdiansession/gourdiansessionRedisRepositoryImp.go:124.3,124.65 1 1
github.com/gourdian25/gourdiansession/gourdiansessionRedisRepositoryImp.go:124.65,127.4 2 1
github.com/gourdian25/gourdiansession/gourdiansessionRedisRepositoryImp.go:128.3,128.13 1 1
github.com/gourdian25/gourdiansession/gourdiansessionRedisRepositoryImp.go:131.2,131.39 1 1
github.com/gourdian25/gourdiansession/gourdiansessionRedisRepositoryImp.go:131.39,133.3 1 1
github.com/gourdian25/gourdiansession/gourdiansessionRedisRepositoryImp.go:134.2,134.12 1 1
github.com/gourdian25/gourdiansession/gourdiansessionRedisRepositoryImp.go:137.128,139.16 2 1
github.com/gourdian25/gourdiansession/gourdiansessionRedisRepositoryImp.go:139.16,140.32 1 1
github.com/gourdian25/gourdiansession/gourdiansessionRedisRepositoryImp.go:140.32,142.4 1 1
github.com/gourdian25/gourdiansession/gourdiansessionRedisRepositoryImp.go:143.3,143.70 1 0
github.com/gourdian25/gourdiansession/gourdiansessionRedisRepositoryImp.go:146.2,148.16 3 1
github.com/gourdian25/gourdiansession/gourdiansessionRedisRepositoryImp.go:148.16,150.3 1 0
github.com/gourdian25/gourdiansession/gourdiansessionRedisRepositoryImp.go:153.2,153.42 1 1
github.com/gourdian25/gourdiansession/gourdiansessionRedisRepositoryImp.go:153.42,155.3 1 1
github.com/gourdian25/gourdiansession/gourdiansessionRedisRepositoryImp.go:157.2,157.22 1 1
github.com/gourdian25/gourdiansession/gourdiansessionRedisRepositoryImp.go:160.136,161.20 1 1
github.com/gourdian25/gourdiansession/gourdiansessionRedisRepositoryImp.go:161.20,163.3 1 0
github.com/gourdian25/gourdiansession/gourdiansessionRedisRepositoryImp.go:166.2,166.54 1 1
github.com/gourdian25/gourdiansession/gourdiansessionRedisRepositoryImp.go:166.54,169.32 2 1
github.com/gourdian25/gourdiansession/gourdiansessionRedisRepositoryImp.go:169.32,171.4 1 1
github.com/gourdian25/gourdiansession/gourdiansessionRedisRepositoryImp.go:172.3,172.17 1 1
github.com/gourdian25/gourdiansession/gourdiansessionRedisRepositoryImp.go:172.17,174.4 1 0
github.com/gourdian25/gourdiansession/gourdiansessionRedisRepositoryImp.go:176.3,177.17 2 1
github.com/gourdian25/gourdiansession/gourdiansessionRedisRepositoryImp.go:177.17,179.4 1 0
github.com/gourdian25/gourdiansession/gourdiansessionRedisRepositoryImp.go:181.3,182.14 2 1
github.com/gourdian25/gourdiansession/gourdiansessionRedisRepositoryImp.go:182.14,184.4 1 1
github.com/gourdian25/gourdiansession/gourdiansessionRedisRepositoryImp.go:187.3,187.65 1 1
github.com/gourdian25/gourdiansession/gourdiansessionRedisRepositoryImp.go:187.65,192.78 3 1
github.com/gourdian25/gourdiansession/gourdiansessionRedisRepositoryImp.go:192.78,193.44 1 1
github.com/gourdian25/gourdiansession/gourdiansessionRedisRepositoryImp.go:193.44,197.6 3 0
github.com/gourdian25/gourdiansession/gourdiansessionRedisRepositoryImp.go:199.4,199.14 1 1
github.com/gourdian25/gourdiansession/gourdiansessionRedisRepositoryImp.go:201.3,201.13 1 1
github.com/gourdian25/gourdiansession/gourdiansessionRedisRepositoryImp.go:204.2,204.39 1 1
github.com/gourdian25/gourdiansession/gourdiansessionRedisRepositoryImp.go:204.39,206.3 1 0
github.com/gourdian25/gourdiansession/gourdiansessionRedisRepositoryImp.go:207.2,207.16 1 1
github.com/gourdian25/gourdiansession/gourdiansessionRedisRepositoryImp.go:207.16,209.3 1 1
github.com/gourdian25/gourdiansession/gourdiansessionRedisRepositoryImp.go:211.2,211.21 1 1
github.com/gourdian25/gourdiansession/gourdiansessionRedisRepositoryImp.go:214.103,216.54 1 1
github.com/gourdian25/gourdiansession/gourdiansessionRedisRepositoryImp.go:216.54,219.32 2 1
github.com/gourdian25/gourdiansession/gourdiansessionRedisRepositoryImp.go:219.32,221.4 1 1
github.com/gourdian25/gourdiansession/gourdiansessionRedisRepositoryImp.go:222.3,222.17 1 1
github.com/gourdian25/gourdiansession/gourdiansessionRedisRepositoryImp.go:222.17,224.4 1 0
github.com/gourdian25/gourdiansession/gourdiansessionRedisRepositoryImp.go:226.3,227.71 2 1
github.com/gourdian25/gourdiansession/gourdiansessionRedisRepositoryImp.go:227.71,229.4 1 0
github.com/gourdian25/gourdiansession/gourdiansessionRedisRepositoryImp.go:232.3,232.65 1 1
github.com/gourdian25/gourdiansession/gourdiansessionRedisRepositoryImp.go:232.65,237.4 4 1
github.com/gourdian25/gourdiansession/gourdiansessionRedisRepositoryImp.go:238.3,238.13 1 1
github.com/gourdian25/gourdiansession/gourdiansessionRedisRepositoryImp.go:241.2,241.39 1 1
github.com/gourdian25/gourdiansession/gourdiansessionRedisRepositoryImp.go:241.39,243.3 1 0
github.com/gourdian25/gourdiansession/gourdiansessionRedisRepositoryImp.go:244.2,244.12 1 1
github.com/gourdian25/gourdiansession/gourdiansessionRedisRepositoryImp.go:247.132,249.16 2 1
github.com/gourdian25/gourdiansession/gourdiansessionRedisRepositoryImp.go:249.16,251.3 1 0
github.com/gourdian25/gourdiansession/gourdiansessionRedisRepositoryImp.go:253.2,256.42 3 1
github.com/gourdian25/gourdiansession/gourdiansessionRedisRepositoryImp.go:256.42,258.17 2 1
github.com/gourdian25/gourdiansession/gourdiansessionRedisRepositoryImp.go:258.17,260.12 2 1
github.com/gourdian25/gourdiansession/gourdiansessionRedisRepositoryImp.go:263.3,264.17 2 1
github.com/gourdian25/gourdiansession/gourdiansessionRedisRepositoryImp.go:264.17,265.33 1 1
github.com/gourdian25/gourdiansession/gourdiansessionRedisRepositoryImp.go:265.33,267.13 2 1
github.com/gourdian25/gourdiansession/gourdiansessionRedisRepositoryImp.go:269.4,269.74 1 0
github.com/gourdian25/gourdiansession/gourdiansessionRedisRepositoryImp.go:272.3,274.17 3 1
github.com/gourdian25/gourdiansession/gourdiansessionRedisRepositoryImp.go:274.17,276.4 1 0
github.com/gourdian25/gourdiansession/gourdiansessionRedisRepositoryImp.go:278.3,278.40 1 1
github.com/gourdian25/gourdiansession/gourdiansessionRedisRepositoryImp.go:282.2,282.33 1 1
github.com/gourdian25/gourdiansession/gourdiansessionRedisRepositoryImp.go:282.33,284.17 2 1
github.com/gourdian25/gourdiansession/gourdiansessionRedisRepositoryImp.go:284.17,286.4 1 0
github.com/gourdian25/gourdiansession/gourdiansessionRedisRepositoryImp.go:289.2,289.22 1 1
github.com/gourdian25/gourdiansession/gourdiansessionRedisRepositoryImp.go:292.138,294.16 2 1
github.com/gourdian25/gourdiansession/gourdiansessionRedisRepositoryImp.go:294.16,296.3 1 0
github.com/gourdian25/gourdiansession/gourdiansessionRedisRepositoryImp.go:298.2,299.38 2 1
github.com/gourdian25/gourdiansession/gourdiansessionRedisRepositoryImp.go:299.38,300.83 1 1
github.com/gourdian25/gourdiansession/gourdiansessionRedisRepositoryImp.go:300.83,302.4 1 1
github.com/gourdian25/gourdiansession/gourdiansessionRedisRepositoryImp.go:305.2,305.28 1 1
github.com/gourdian25/gourdiansession/gourdiansessionRedisRepositoryImp.go:308.105,311.16 2 1
github.com/gourdian25/gourdiansession/gourdiansessionRedisRepositoryImp.go:311.16,313.3 1 0
github.com/gourdian25/gourdiansession/gourdiansessionRedisRepositoryImp.go:315.2,316.42 2 1
github.com/gourdian25/gourdiansession/gourdiansessionRedisRepositoryImp.go:316.42,318.17 2 1
github.com/gourdian25/gourdiansession/gourdiansessionRedisRepositoryImp.go:318.17,319.12 1 0
github.com/gourdian25/gourdiansession/gourdiansessionRedisRepositoryImp.go:323.3,323.54 1 1
github.com/gourdian25/gourdiansession/gourdiansessionRedisRepositoryImp.go:323.54,326.33 2 1
github.com/gourdian25/gourdiansession/gourdiansessionRedisRepositoryImp.go:326.33,328.5 1 0
github.com/gourdian25/gourdiansession/gourdiansessionRedisRepositoryImp.go:329.4,329.18 1 1
github.com/gourdian25/gourdiansession/gourdiansessionRedisRepositoryImp.go:329.18,331.5 1 0
github.com/gourdian25/gourdiansession/gourdiansessionRedisRepositoryImp.go:333.4,334.72 2 1
github.com/gourdian25/gourdiansession/gourdiansessionRedisRepositoryImp.go:334.72,336.5 1 0
github.com/gourdian25/gourdiansession/gourdiansessionRedisRepositoryImp.go:339.4,339.45 1 1
github.com/gourdian25/gourdiansession/gourdiansessionRedisRepositoryImp.go:339.45,341.5 1 1
github.com/gourdian25/gourdiansession/gourdiansessionRedisRepositoryImp.go:344.4,348.18 4 1
github.com/gourdian25/gourdiansession/gourdiansessionRedisRepositoryImp.go:348.18,350.5 1 0
github.com/gourdian25/gourdiansession/gourdiansessionRedisRepositoryImp.go:353.4,353.66 1 1
github.com/gourdian25/gourdiansession/gourdiansessionRedisRepositoryImp.go:353.66,356.5 2 1
github.com/gourdian25/gourdiansession/gourdiansessionRedisRepositoryImp.go:357.4,357.14 1 1
github.com/gourdian25/gourdiansession/gourdiansessionRedisRepositoryImp.go:360.3,360.40 1 1
github.com/gourdian25/gourdiansession/gourdiansessionRedisRepositoryImp.go:360.40,362.12 2 0
github.com/gourdian25/gourdiansession/gourdiansessionRedisRepositoryImp.go:364.3,364.17 1 1
github.com/gourdian25/gourdiansession/gourdiansessionRedisRepositoryImp.go:364.17,366.4 1 0
github.com/gourdian25/gourdiansession/gourdiansessionRedisRepositoryImp.go:369.2,369.12 1 1
github.com/gourdian25/gourdiansession/gourdiansessionRedisRepositoryImp.go:372.124,374.16 2 1
github.com/gourdian25/gourdiansession/gourdiansessionRedisRepositoryImp.go:374.16,376.3 1 0
github.com/gourdian25/gourdiansession/gourdiansessionRedisRepositoryImp.go:378.2,378.35 1 1
github.com/gourdian25/gourdiansession/gourdiansessionRedisRepositoryImp.go:378.35,379.79 1 1
github.com/gourdian25/gourdiansession/gourdiansessionRedisRepositoryImp.go:379.79,383.18 4 1
github.com/gourdian25/gourdiansession/gourdiansessionRedisRepositoryImp.go:383.18,385.5 1 0
github.com/gourdian25/gourdiansession/gourdiansessionRedisRepositoryImp.go:389.2,389.12 1 1
github.com/gourdian25/gourdiansession/gourdiansessionRedisRepositoryImp.go:392.127,394.16 2 1
github.com/gourdian25/gourdiansession/gourdiansessionRedisRepositoryImp.go:394.16,396.3 1 1
github.com/gourdian25/gourdiansession/gourdiansessionRedisRepositoryImp.go:398.2,398.43 1 1
github.com/gourdian25/gourdiansession/gourdiansessionRedisRepositoryImp.go:398.43,400.3 1 1
github.com/gourdian25/gourdiansession/gourdiansessionRedisRepositoryImp.go:402.2,404.12 3 1
github.com/gourdian25/gourdiansession/gourdiansessionRedisRepositoryImp.go:407.111,409.16 2 1
github.com/gourdian25/gourdiansession/gourdiansessionRedisRepositoryImp.go:409.16,411.3 1 1
github.com/gourdian25/gourdiansession/gourdiansessionRedisRepositoryImp.go:413.2,415.12 3 1
github.com/gourdian25/gourdiansession/gourdiansessionRedisRepositoryImp.go:418.133,420.16 2 1
github.com/gourdian25/gourdiansession/gourdiansessionRedisRepositoryImp.go:420.16,422.3 1 1
github.com/gourdian25/gourdiansession/gourdiansessionRedisRepositoryImp.go:424.2,424.43 1 1
github.com/gourdian25/gourdiansession/gourdiansessionRedisRepositoryImp.go:424.43,426.3 1 1
github.com/gourdian25/gourdiansession/gourdiansessionRedisRepositoryImp.go:428.2,428.42 1 1
github.com/gourdian25/gourdiansession/gourdiansessionRedisRepositoryImp.go:428.42,432.23 3 0
github.com/gourdian25/gourdiansession/gourdiansessionRedisRepositoryImp.go:432.23,436.4 2 0
github.com/gourdian25/gourdiansession/gourdiansessionRedisRepositoryImp.go:437.3,437.71 1 0
github.com/gourdian25/gourdiansession/gourdiansessionRedisRepositoryImp.go:440.2,440.21 1 1
github.com/gourdian25/gourdiansession/gourdiansessionRedisRepositoryImp.go:443.166,445.16 2 1
github.com/gourdian25/gourdiansession/gourdiansessionRedisRepositoryImp.go:445.16,447.3 1 0
github.com/gourdian25/gourdiansession/gourdiansessionRedisRepositoryImp.go:449.2,449.65 1 1
github.com/gourdian25/gourdiansession/gourdiansessionRedisRepositoryImp.go:449.65,451.3 1 1
github.com/gourdian25/gourdiansession/gourdiansessionRedisRepositoryImp.go:453.2,453.65 1 1
github.com/gourdian25/gourdiansession/gourdiansessionRedisRepositoryImp.go:453.65,455.3 1 1
github.com/gourdian25/gourdiansession/gourdiansessionRedisRepositoryImp.go:457.2,457.21 1 1
github.com/gourdian25/gourdiansession/gourdiansessionRedisRepositoryImp.go:460.135,462.54 1 1
github.com/gourdian25/gourdiansession/gourdiansessionRedisRepositoryImp.go:462.54,465.32 2 1
github.com/gourdian25/gourdiansession/gourdiansessionRedisRepositoryImp.go:465.32,467.4 1 0
github.com/gourdian25/gourdiansession/gourdiansessionRedisRepositoryImp.go:468.3,468.17 1 1
github.com/gourdian25/gourdiansession/gourdiansessionRedisRepositoryImp.go:468.17,470.4 1 0
github.com/gourdian25/gourdiansession/gourdiansessionRedisRepositoryImp.go:472.3,473.71 2 1
github.com/gourdian25/gourdiansession/gourdiansessionRedisRepositoryImp.go:473.71,475.4 1 0
github.com/gourdian25/gourdiansession/gourdiansessionRedisRepositoryImp.go:477.3,477.44 1 1
github.com/gourdian25/gourdiansession/gourdiansessionRedisRepositoryImp.go:477.44,479.4 1 0
github.com/gourdian25/gourdiansession/gourdiansessionRedisRepositoryImp.go:481.3,481.43 1 1
github.com/gourdian25/gourdiansession/gourdiansessionRedisRepositoryImp.go:481.43,483.4 1 0
github.com/gourdian25/gourdiansession/gourdiansessionRedisRepositoryImp.go:486.3,487.17 2 1
github.com/gourdian25/gourdiansession/gourdiansessionRedisRepositoryImp.go:487.17,489.4 1 0
github.com/gourdian25/gourdiansession/gourdiansessionRedisRepositoryImp.go:491.3,494.65 2 1
github.com/gourdian25/gourdiansession/gourdiansessionRedisRepositoryImp.go:494.65,499.18 3 1
github.com/gourdian25/gourdiansession/gourdiansessionRedisRepositoryImp.go:499.18,501.5 1 0
github.com/gourdian25/gourdiansession/gourdiansessionRedisRepositoryImp.go:502.4,502.15 1 1
github.com/gourdian25/gourdiansession/gourdiansessionRedisRepositoryImp.go:502.15,504.5 1 0
github.com/gourdian25/gourdiansession/gourdiansessionRedisRepositoryImp.go:505.4,505.14 1 1
github.com/gourdian25/gourdiansession/gourdiansessionRedisRepositoryImp.go:507.3,507.13 1 1
github.com/gourdian25/gourdiansession/gourdiansessionRedisRepositoryImp.go:510.2,510.39 1 1
github.com/gourdian25/gourdiansession/gourdiansessionRedisRepositoryImp.go:510.39,512.3 1 0
github.com/gourdian25/gourdiansession/gourdiansessionRedisRepositoryImp.go:513.2,513.12 1 1
github.com/gourdian25/gourdiansession/gourdiansessionRedisRepositoryImp.go:516.131,518.16 2 1
github.com/gourdian25/gourdiansession/gourdiansessionRedisRepositoryImp.go:518.16,520.3 1 0
github.com/gourdian25/gourdiansession/gourdiansessionRedisRepositoryImp.go:522.2,523.16 2 1
github.com/gourdian25/gourdiansession/gourdiansessionRedisRepositoryImp.go:523.16,524.32 1 1
github.com/gourdian25/gourdiansession/gourdiansessionRedisRepositoryImp.go:524.32,526.4 1 1
github.com/gourdian25/gourdiansession/gourdiansessionRedisRepositoryImp.go:527.3,527.75 1 0
github.com/gourdian25/gourdiansession/gourdiansessionRedisRepositoryImp.go:530.2,532.16 3 1
github.com/gourdian25/gourdiansession/gourdiansessionRedisRepositoryImp.go:532.16,534.3 1 0
github.com/gourdian25/gourdiansession/gourdiansessionRedisRepositoryImp.go:536.2,536.19 1 1
github.com/gourdian25/gourdiansession/gourdiansessionRedisRepositoryImp.go:539.119,541.16 2 1
github.com/gourdian25/gourdiansession/gourdiansessionRedisRepositoryImp.go:541.16,543.3 1 0
github.com/gourdian25/gourdiansession/gourdiansessionRedisRepositoryImp.go:545.2,546.16 2 1
github.com/gourdian25/gourdiansession/gourdiansessionRedisRepositoryImp.go:546.16,548.3 1 0
github.com/gourdian25/gourdiansession/gourdiansessionRedisRepositoryImp.go:550.2,550.12 1 1
github.com/gourdian25/gourdiansession/gourdiansessionRedisRepositoryImp.go:553.135,555.16 2 1
github.com/gourdian25/gourdiansession/gourdiansessionRedisRepositoryImp.go:555.16,557.3 1 0
github.com/gourdian25/gourdiansession/gourdiansessionRedisRepositoryImp.go:559.2,560.16 2 1
github.com/gourdian25/gourdiansession/gourdiansessionRedisRepositoryImp.go:560.16,562.3 1 0
github.com/gourdian25/gourdiansession/gourdiansessionRedisRepositoryImp.go:564.2,564.12 1 1
github.com/gourdian25/gourdiansession/gourdiansessionRedisRepositoryImp.go:567.112,569.16 2 1
github.com/gourdian25/gourdiansession/gourdiansessionRedisRepositoryImp.go:569.16,570.32 1 1
github.com/gourdian25/gourdiansession/gourdiansessionRedisRepositoryImp.go:570.32,572.4 1 1
github.com/gourdian25/gourdiansession/gourdiansessionRedisRepositoryImp.go:573.3,573.77 1 0
github.com/gourdian25/gourdiansession/gourdiansessionRedisRepositoryImp.go:576.2,578.16 3 1
github.com/gourdian25/gourdiansession/gourdiansessionRedisRepositoryImp.go:578.16,580.3 1 0
github.com/gourdian25/gourdiansession/gourdiansessionRedisRepositoryImp.go:582.2,582.19 1 1
github.com/gourdian25/gourdiansession/gourdiansessionRedisRepositoryImp.go:585.100,587.16 2 1
github.com/gourdian25/gourdiansession/gourdiansessionRedisRepositoryImp.go:587.16,589.3 1 0
github.com/gourdian25/gourdiansession/gourdiansessionRedisRepositoryImp.go:591.2,591.12 1 1
